<?xml version="1.0" encoding="UTF-8"?>
<!-- Generated by org.testng.reporters.JUnitXMLReporter -->
<testsuite hostname="ZLBLR04LT" name="Test1(failed)" tests="2" failures="0" timestamp="26 Oct 2016 07:43:55 GMT" time="47.176" errors="0">
  <testcase name="@BeforeClass M1" time="0.0" classname="mypkg.TC1">
    <failure type="org.openqa.selenium.WebDriverException" message="Failed to connect to binary FirefoxBinary(C:\Program Files (x86)\Mozilla Firefox\firefox.exe) on port 7055; process output follows: 
&amp;quot;updateKey&amp;quot;:null,&amp;quot;optionsURL&amp;quot;:null,&amp;quot;optionsType&amp;quot;:null,&amp;quot;aboutURL&amp;quot;:null,&amp;quot;icons&amp;quot;:{&amp;quot;32&amp;quot;:&amp;quot;icon.png&amp;quot;,&amp;quot;48&amp;quot;:&amp;quot;icon.png&amp;quot;},&amp;quot;iconURL&amp;quot;:null,&amp;quot;icon64URL&amp;quot;:null,&amp;quot;defaultLocale&amp;quot;:{&amp;quot;name&amp;quot;:&amp;quot;Default&amp;quot;,&amp;quot;description&amp;quot;:&amp;quot;The default theme.&amp;quot;,&amp;quot;creator&amp;quot;:&amp;quot;Mozilla&amp;quot;,&amp;quot;homepageURL&amp;quot;:null,&amp;quot;contributors&amp;quot;:[&amp;quot;Mozilla Contributors&amp;quot;]},&amp;quot;visible&amp;quot;:true,&amp;quot;active&amp;quot;:true,&amp;quot;userDisabled&amp;quot;:false,&amp;quot;appDisabled&amp;quot;:false,&amp;quot;descriptor&amp;quot;:&amp;quot;C:\\Program Files (x86)\\Mozilla Firefox\\browser\\extensions\\{972ce4c6-7e08-4474-a285-3208198ce6fd}.xpi&amp;quot;,&amp;quot;installDate&amp;quot;:1467050008683,&amp;quot;updateDate&amp;quot;:1467050008683,&amp;quot;applyBackgroundUpdates&amp;quot;:1,&amp;quot;skinnable&amp;quot;:true,&amp;quot;size&amp;quot;:22012,&amp;quot;sourceURI&amp;quot;:null,&amp;quot;releaseNotesURI&amp;quot;:null,&amp;quot;softDisabled&amp;quot;:false,&amp;quot;foreignInstall&amp;quot;:false,&amp;quot;hasBinaryComponents&amp;quot;:false,&amp;quot;strictCompatibility&amp;quot;:true,&amp;quot;locales&amp;quot;:[],&amp;quot;targetApplications&amp;quot;:[{&amp;quot;id&amp;quot;:&amp;quot;{ec8030f7-c20a-464f-9b0e-13a3a9e97384}&amp;quot;,&amp;quot;minVersion&amp;quot;:&amp;quot;47.0.1&amp;quot;,&amp;quot;maxVersion&amp;quot;:&amp;quot;47.0.1&amp;quot;}],&amp;quot;targetPlatforms&amp;quot;:[],&amp;quot;seen&amp;quot;:true}
1477467790900	addons.xpi	DEBUG	getModTime: Recursive scan of {972ce4c6-7e08-4474-a285-3208198ce6fd}
1477467790901	DeferredSave.extensions.json	DEBUG	Save changes
1477467790901	addons.xpi	DEBUG	Updating database with changes to installed add-ons
1477467790901	addons.xpi-utils	DEBUG	Updating add-on states
1477467790902	addons.xpi-utils	DEBUG	Writing add-ons list
1477467790905	addons.xpi	DEBUG	Registering manifest for C:\Program Files (x86)\Mozilla Firefox\browser\features\e10srollout@mozilla.org.xpi
1477467790905	addons.xpi	DEBUG	Calling bootstrap method startup on e10srollout@mozilla.org version 1.0
1477467790906	addons.xpi	DEBUG	Registering manifest for C:\Program Files (x86)\Mozilla Firefox\browser\features\firefox@getpocket.com.xpi
1477467790906	addons.xpi	DEBUG	Calling bootstrap method startup on firefox@getpocket.com version 1.0.2
1477467790907	addons.xpi	DEBUG	Registering manifest for C:\Program Files (x86)\Mozilla Firefox\browser\features\loop@mozilla.org.xpi
1477467790908	addons.xpi	DEBUG	Calling bootstrap method startup on loop@mozilla.org version 1.3.2
1477467790927	addons.manager	DEBUG	Registering shutdown blocker for XPIProvider
1477467790927	addons.manager	DEBUG	Provider finished startup: XPIProvider
1477467790928	addons.manager	DEBUG	Starting provider: LightweightThemeManager
1477467790928	addons.manager	DEBUG	Registering shutdown blocker for LightweightThemeManager
1477467790928	addons.manager	DEBUG	Provider finished startup: LightweightThemeManager
1477467790928	addons.manager	DEBUG	Starting provider: GMPProvider
1477467790934	addons.manager	DEBUG	Registering shutdown blocker for GMPProvider
1477467790934	addons.manager	DEBUG	Provider finished startup: GMPProvider
1477467790935	addons.manager	DEBUG	Starting provider: PluginProvider
1477467790935	addons.manager	DEBUG	Registering shutdown blocker for PluginProvider
1477467790935	addons.manager	DEBUG	Provider finished startup: PluginProvider
1477467790935	addons.manager	DEBUG	Completed startup sequence
1477467792520	addons.manager	DEBUG	Starting provider: &amp;lt;unnamed-provider&amp;gt;
1477467792520	addons.manager	DEBUG	Registering shutdown blocker for &amp;lt;unnamed-provider&amp;gt;
1477467792520	addons.manager	DEBUG	Provider finished startup: &amp;lt;unnamed-provider&amp;gt;
1477467792803	DeferredSave.extensions.json	DEBUG	Write succeeded
1477467792803	addons.xpi-utils	DEBUG	XPI Database saved, setting schema version preference to 17
1477467792803	DeferredSave.extensions.json	DEBUG	Starting timer
1477467792855	DeferredSave.extensions.json	DEBUG	Starting write
1477467792871	addons.repository	DEBUG	No addons.json found.
1477467792871	DeferredSave.addons.json	DEBUG	Save changes
1477467792874	DeferredSave.addons.json	DEBUG	Starting timer
1477467792976	addons.manager	DEBUG	Starting provider: PreviousExperimentProvider
1477467792976	addons.manager	DEBUG	Registering shutdown blocker for PreviousExperimentProvider
1477467792976	addons.manager	DEBUG	Provider finished startup: PreviousExperimentProvider
1477467792982	DeferredSave.addons.json	DEBUG	Starting write
1477467792989	DeferredSave.extensions.json	DEBUG	Write succeeded
1477467793023	DeferredSave.addons.json	DEBUG	Write succeeded

Build info: version: &amp;apos;2.53.0&amp;apos;, revision: &amp;apos;35ae25b1534ae328c771e0856c93e187490ca824&amp;apos;, time: &amp;apos;2016-03-15 10:43:46&amp;apos;
System info: host: &amp;apos;ZLBLR04LT&amp;apos;, ip: &amp;apos;192.168.56.1&amp;apos;, os.name: &amp;apos;Windows 7&amp;apos;, os.arch: &amp;apos;amd64&amp;apos;, os.version: &amp;apos;6.1&amp;apos;, java.version: &amp;apos;1.8.0_101&amp;apos;
Driver info: driver.version: FirefoxDriver">
      <![CDATA[org.openqa.selenium.WebDriverException: Failed to connect to binary FirefoxBinary(C:\Program Files (x86)\Mozilla Firefox\firefox.exe) on port 7055; process output follows: 
"updateKey":null,"optionsURL":null,"optionsType":null,"aboutURL":null,"icons":{"32":"icon.png","48":"icon.png"},"iconURL":null,"icon64URL":null,"defaultLocale":{"name":"Default","description":"The default theme.","creator":"Mozilla","homepageURL":null,"contributors":["Mozilla Contributors"]},"visible":true,"active":true,"userDisabled":false,"appDisabled":false,"descriptor":"C:\\Program Files (x86)\\Mozilla Firefox\\browser\\extensions\\{972ce4c6-7e08-4474-a285-3208198ce6fd}.xpi","installDate":1467050008683,"updateDate":1467050008683,"applyBackgroundUpdates":1,"skinnable":true,"size":22012,"sourceURI":null,"releaseNotesURI":null,"softDisabled":false,"foreignInstall":false,"hasBinaryComponents":false,"strictCompatibility":true,"locales":[],"targetApplications":[{"id":"{ec8030f7-c20a-464f-9b0e-13a3a9e97384}","minVersion":"47.0.1","maxVersion":"47.0.1"}],"targetPlatforms":[],"seen":true}
1477467790900	addons.xpi	DEBUG	getModTime: Recursive scan of {972ce4c6-7e08-4474-a285-3208198ce6fd}
1477467790901	DeferredSave.extensions.json	DEBUG	Save changes
1477467790901	addons.xpi	DEBUG	Updating database with changes to installed add-ons
1477467790901	addons.xpi-utils	DEBUG	Updating add-on states
1477467790902	addons.xpi-utils	DEBUG	Writing add-ons list
1477467790905	addons.xpi	DEBUG	Registering manifest for C:\Program Files (x86)\Mozilla Firefox\browser\features\e10srollout@mozilla.org.xpi
1477467790905	addons.xpi	DEBUG	Calling bootstrap method startup on e10srollout@mozilla.org version 1.0
1477467790906	addons.xpi	DEBUG	Registering manifest for C:\Program Files (x86)\Mozilla Firefox\browser\features\firefox@getpocket.com.xpi
1477467790906	addons.xpi	DEBUG	Calling bootstrap method startup on firefox@getpocket.com version 1.0.2
1477467790907	addons.xpi	DEBUG	Registering manifest for C:\Program Files (x86)\Mozilla Firefox\browser\features\loop@mozilla.org.xpi
1477467790908	addons.xpi	DEBUG	Calling bootstrap method startup on loop@mozilla.org version 1.3.2
1477467790927	addons.manager	DEBUG	Registering shutdown blocker for XPIProvider
1477467790927	addons.manager	DEBUG	Provider finished startup: XPIProvider
1477467790928	addons.manager	DEBUG	Starting provider: LightweightThemeManager
1477467790928	addons.manager	DEBUG	Registering shutdown blocker for LightweightThemeManager
1477467790928	addons.manager	DEBUG	Provider finished startup: LightweightThemeManager
1477467790928	addons.manager	DEBUG	Starting provider: GMPProvider
1477467790934	addons.manager	DEBUG	Registering shutdown blocker for GMPProvider
1477467790934	addons.manager	DEBUG	Provider finished startup: GMPProvider
1477467790935	addons.manager	DEBUG	Starting provider: PluginProvider
1477467790935	addons.manager	DEBUG	Registering shutdown blocker for PluginProvider
1477467790935	addons.manager	DEBUG	Provider finished startup: PluginProvider
1477467790935	addons.manager	DEBUG	Completed startup sequence
1477467792520	addons.manager	DEBUG	Starting provider: <unnamed-provider>
1477467792520	addons.manager	DEBUG	Registering shutdown blocker for <unnamed-provider>
1477467792520	addons.manager	DEBUG	Provider finished startup: <unnamed-provider>
1477467792803	DeferredSave.extensions.json	DEBUG	Write succeeded
1477467792803	addons.xpi-utils	DEBUG	XPI Database saved, setting schema version preference to 17
1477467792803	DeferredSave.extensions.json	DEBUG	Starting timer
1477467792855	DeferredSave.extensions.json	DEBUG	Starting write
1477467792871	addons.repository	DEBUG	No addons.json found.
1477467792871	DeferredSave.addons.json	DEBUG	Save changes
1477467792874	DeferredSave.addons.json	DEBUG	Starting timer
1477467792976	addons.manager	DEBUG	Starting provider: PreviousExperimentProvider
1477467792976	addons.manager	DEBUG	Registering shutdown blocker for PreviousExperimentProvider
1477467792976	addons.manager	DEBUG	Provider finished startup: PreviousExperimentProvider
1477467792982	DeferredSave.addons.json	DEBUG	Starting write
1477467792989	DeferredSave.extensions.json	DEBUG	Write succeeded
1477467793023	DeferredSave.addons.json	DEBUG	Write succeeded

Build info: version: '2.53.0', revision: '35ae25b1534ae328c771e0856c93e187490ca824', time: '2016-03-15 10:43:46'
System info: host: 'ZLBLR04LT', ip: '192.168.56.1', os.name: 'Windows 7', os.arch: 'amd64', os.version: '6.1', java.version: '1.8.0_101'
Driver info: driver.version: FirefoxDriver
	at org.openqa.selenium.firefox.internal.NewProfileExtensionConnection.start(NewProfileExtensionConnection.java:125)
	at org.openqa.selenium.firefox.FirefoxDriver.startClient(FirefoxDriver.java:271)
	at org.openqa.selenium.remote.RemoteWebDriver.<init>(RemoteWebDriver.java:119)
	at org.openqa.selenium.firefox.FirefoxDriver.<init>(FirefoxDriver.java:216)
	at org.openqa.selenium.firefox.FirefoxDriver.<init>(FirefoxDriver.java:211)
	at org.openqa.selenium.firefox.FirefoxDriver.<init>(FirefoxDriver.java:207)
	at org.openqa.selenium.firefox.FirefoxDriver.<init>(FirefoxDriver.java:120)
	at mypkg.TC1.M1(TC1.java:31)
Caused by: org.openqa.selenium.firefox.NotConnectedException: Unable to connect to host 127.0.0.1 on port 7055 after 45000 ms. Firefox console output:
"updateKey":null,"optionsURL":null,"optionsType":null,"aboutURL":null,"icons":{"32":"icon.png","48":"icon.png"},"iconURL":null,"icon64URL":null,"defaultLocale":{"name":"Default","description":"The default theme.","creator":"Mozilla","homepageURL":null,"contributors":["Mozilla Contributors"]},"visible":true,"active":true,"userDisabled":false,"appDisabled":false,"descriptor":"C:\\Program Files (x86)\\Mozilla Firefox\\browser\\extensions\\{972ce4c6-7e08-4474-a285-3208198ce6fd}.xpi","installDate":1467050008683,"updateDate":1467050008683,"applyBackgroundUpdates":1,"skinnable":true,"size":22012,"sourceURI":null,"releaseNotesURI":null,"softDisabled":false,"foreignInstall":false,"hasBinaryComponents":false,"strictCompatibility":true,"locales":[],"targetApplications":[{"id":"{ec8030f7-c20a-464f-9b0e-13a3a9e97384}","minVersion":"47.0.1","maxVersion":"47.0.1"}],"targetPlatforms":[],"seen":true}
1477467790900	addons.xpi	DEBUG	getModTime: Recursive scan of {972ce4c6-7e08-4474-a285-3208198ce6fd}
1477467790901	DeferredSave.extensions.json	DEBUG	Save changes
1477467790901	addons.xpi	DEBUG	Updating database with changes to installed add-ons
1477467790901	addons.xpi-utils	DEBUG	Updating add-on states
1477467790902	addons.xpi-utils	DEBUG	Writing add-ons list
1477467790905	addons.xpi	DEBUG	Registering manifest for C:\Program Files (x86)\Mozilla Firefox\browser\features\e10srollout@mozilla.org.xpi
1477467790905	addons.xpi	DEBUG	Calling bootstrap method startup on e10srollout@mozilla.org version 1.0
1477467790906	addons.xpi	DEBUG	Registering manifest for C:\Program Files (x86)\Mozilla Firefox\browser\features\firefox@getpocket.com.xpi
1477467790906	addons.xpi	DEBUG	Calling bootstrap method startup on firefox@getpocket.com version 1.0.2
1477467790907	addons.xpi	DEBUG	Registering manifest for C:\Program Files (x86)\Mozilla Firefox\browser\features\loop@mozilla.org.xpi
1477467790908	addons.xpi	DEBUG	Calling bootstrap method startup on loop@mozilla.org version 1.3.2
1477467790927	addons.manager	DEBUG	Registering shutdown blocker for XPIProvider
1477467790927	addons.manager	DEBUG	Provider finished startup: XPIProvider
1477467790928	addons.manager	DEBUG	Starting provider: LightweightThemeManager
1477467790928	addons.manager	DEBUG	Registering shutdown blocker for LightweightThemeManager
1477467790928	addons.manager	DEBUG	Provider finished startup: LightweightThemeManager
1477467790928	addons.manager	DEBUG	Starting provider: GMPProvider
1477467790934	addons.manager	DEBUG	Registering shutdown blocker for GMPProvider
1477467790934	addons.manager	DEBUG	Provider finished startup: GMPProvider
1477467790935	addons.manager	DEBUG	Starting provider: PluginProvider
1477467790935	addons.manager	DEBUG	Registering shutdown blocker for PluginProvider
1477467790935	addons.manager	DEBUG	Provider finished startup: PluginProvider
1477467790935	addons.manager	DEBUG	Completed startup sequence
1477467792520	addons.manager	DEBUG	Starting provider: <unnamed-provider>
1477467792520	addons.manager	DEBUG	Registering shutdown blocker for <unnamed-provider>
1477467792520	addons.manager	DEBUG	Provider finished startup: <unnamed-provider>
1477467792803	DeferredSave.extensions.json	DEBUG	Write succeeded
1477467792803	addons.xpi-utils	DEBUG	XPI Database saved, setting schema version preference to 17
1477467792803	DeferredSave.extensions.json	DEBUG	Starting timer
1477467792855	DeferredSave.extensions.json	DEBUG	Starting write
1477467792871	addons.repository	DEBUG	No addons.json found.
1477467792871	DeferredSave.addons.json	DEBUG	Save changes
1477467792874	DeferredSave.addons.json	DEBUG	Starting timer
1477467792976	addons.manager	DEBUG	Starting provider: PreviousExperimentProvider
1477467792976	addons.manager	DEBUG	Registering shutdown blocker for PreviousExperimentProvider
1477467792976	addons.manager	DEBUG	Provider finished startup: PreviousExperimentProvider
1477467792982	DeferredSave.addons.json	DEBUG	Starting write
1477467792989	DeferredSave.extensions.json	DEBUG	Write succeeded
1477467793023	DeferredSave.addons.json	DEBUG	Write succeeded

	at org.openqa.selenium.firefox.internal.NewProfileExtensionConnection.start(NewProfileExtensionConnection.java:113)
	... 32 more
... Removed 25 stack frames]]>
    </failure>
  </testcase> <!-- @BeforeClass M1 -->
  <testcase name="@AfterClass tear" time="0.0" classname="mypkg.TC1">
    <skipped/>
  </testcase> <!-- @AfterClass tear -->
  <testcase name="checkFail" time="0.003" classname="mypkg.TC1">
    <skipped/>
  </testcase> <!-- checkFail -->
  <testcase name="checkHome" time="0.002" classname="mypkg.TC1">
    <skipped/>
  </testcase> <!-- checkHome -->
</testsuite> <!-- Test1(failed) -->
